1620398011141:help
1620398038261:showAllBooks
1620400048743:showAllAuthors
1621067029375:help
1621067036603:showAllBooks
1621067044601:showAllAuthors
1621067190695:showAllBooks
1621067198146:exit
1621068464637:showAlBooks
1621068475611:showAllBooks
1621068486779:showBookById 1
1621068495459:showBookById s
1621068514931:showBookById 1
1621068526169:showBookById ww
1621068536252:help
1621068552756:showBookById 11
1621106483099:help
1621106489232:showBookById 6
1621106882349:showbookbyid
1621106890943:showBookById 6
1621107053884:showBookById 7
1621280827878:createBook ololo 11 11
1621280910967:createBook qwe 1 1
1621280929287:createBook qwe 100 1
1621281334244:createBook ad 111 1
